<?xml version="1.0" encoding="UTF-8"?>
<testsuite xmlns:xsi="http://www.w3.org/2001/XMLSchema-instance" xsi:noNamespaceSchemaLocation="https://maven.apache.org/surefire/maven-surefire-plugin/xsd/surefire-test-report-3.0.xsd" version="3.0" name="com.miapp.calculadoraweb.CalculadorawebApplicationTests" time="3.502" tests="1" errors="0" skipped="0" failures="0">
  <properties>
[...]
</properties>
  <testcase name="contextLoads" classname="com.miapp.calculadoraweb.CalculadorawebApplicationTests" time="0.755">
    <system-out><![CDATA[23:59:23.928 [main] INFO org.springframework.test.context.support.AnnotationConfigContextLoaderUtils -- Could not detect default configuration classes for test class [com.miapp.calculadoraweb.CalculadorawebApplicationTests]: CalculadorawebApplicationTests does not declare any static, non-private, non-final, nested classes annotated with @Configuration.
23:59:24.096 [main] INFO org.springframework.boot.test.context.SpringBootTestContextBootstrapper -- Found @SpringBootConfiguration com.miapp.calculadoraweb.CalculadorawebApplication for test class com.miapp.calculadoraweb.CalculadorawebApplicationTests

  .   ____          _            __ _ _
 /\\ / ___'_ __ _ _(_)_ __  __ _ \ \ \ \
( ( )\___ | '_ | '_| | '_ \/ _` | \ \ \ \
 \\/  ___)| |_)| | | | | || (_| |  ) ) ) )
  '  |____| .__|_| |_|_| |_\__, | / / / /
 =========|_|==============|___/=/_/_/_/
 :: Spring Boot ::                (v3.2.5)

2026-05-24T23:59:24.690-06:00  INFO 9588 --- [calculadoraweb] [           main] c.m.c.CalculadorawebApplicationTests     : Starting CalculadorawebApplicationTests using Java 25.0.1 with PID 9588 (started by hugo in C:\Users\hugo\Documents\NetBeansProjects\calculadoraweb)
2026-05-24T23:59:24.693-06:00  INFO 9588 --- [calculadoraweb] [           main] c.m.c.CalculadorawebApplicationTests     : No active profile set, falling back to 1 default profile: "default"
2026-05-24T23:59:25.972-06:00  INFO 9588 --- [calculadoraweb] [           main] o.s.b.a.w.s.WelcomePageHandlerMapping    : Adding welcome page: class path resource [static/index.html]
2026-05-24T23:59:26.455-06:00  INFO 9588 --- [calculadoraweb] [           main] c.m.c.CalculadorawebApplicationTests     : Started CalculadorawebApplicationTests in 2.16 seconds (process running for 3.42)
]]></system-out>
    <system-err><![CDATA[WARNING: A Java agent has been loaded dynamically (C:\Users\hugo\.m2\repository\net\bytebuddy\byte-buddy-agent\1.14.13\byte-buddy-agent-1.14.13.jar)
WARNING: If a serviceability tool is in use, please run with -XX:+EnableDynamicAgentLoading to hide this warning
WARNING: If a serviceability tool is not in use, please run with -Djdk.instrument.traceUsage for more information
WARNING: Dynamic loading of agents will be disallowed by default in a future release
]]></system-err>
  </testcase>
</testsuite>